[debug] [2024-03-24T03:57:49.371Z] ----------------------------------------------------------------------
[debug] [2024-03-24T03:57:49.373Z] Command:       D:\node js\node.exe C:\Users\Acer\AppData\Roaming\npm\node_modules\firebase-tools\lib\bin\firebase.js init
[debug] [2024-03-24T03:57:49.373Z] CLI Version:   13.5.2
[debug] [2024-03-24T03:57:49.373Z] Platform:      win32
[debug] [2024-03-24T03:57:49.373Z] Node Version:  v18.15.0
[debug] [2024-03-24T03:57:49.374Z] Time:          Sun Mar 24 2024 11:57:49 GMT+0800 (Philippine Standard Time)
[debug] [2024-03-24T03:57:49.374Z] ----------------------------------------------------------------------
[debug] 
[debug] [2024-03-24T03:57:49.432Z] > command requires scopes: ["email","openid","https://www.googleapis.com/auth/cloudplatformprojects.readonly","https://www.googleapis.com/auth/firebase","https://www.googleapis.com/auth/cloud-platform"]
[debug] [2024-03-24T03:57:49.432Z] > authorizing via signed-in user (tatenvader123@gmail.com)
[info] 
     ######## #### ########  ######## ########     ###     ######  ########
     ##        ##  ##     ## ##       ##     ##  ##   ##  ##       ##
     ######    ##  ########  ######   ########  #########  ######  ######
     ##        ##  ##    ##  ##       ##     ## ##     ##       ## ##
     ##       #### ##     ## ######## ########  ##     ##  ######  ########

You're about to initialize a Firebase project in this directory:

  D:\code nako\pc-builder-2

Before we get started, keep in mind:

  * You are initializing within an existing Firebase project directory

[info] 
=== Project Setup
[info] 
[info] First, let's associate this project directory with a Firebase project.
[info] You can create multiple project aliases by running firebase use --add, 
[info] but for now we'll just set up a default project.
[info] 
[debug] [2024-03-24T03:58:06.702Z] Using project from CLI flag: pc-builder-1843a
[debug] [2024-03-24T03:58:06.703Z] > refreshing access token with scopes: []
[debug] [2024-03-24T03:58:06.704Z] >>> [apiv2][query] POST https://www.googleapis.com/oauth2/v3/token [none]
[debug] [2024-03-24T03:58:06.704Z] >>> [apiv2][body] POST https://www.googleapis.com/oauth2/v3/token [omitted]
[debug] [2024-03-24T03:58:07.003Z] <<< [apiv2][status] POST https://www.googleapis.com/oauth2/v3/token 400
[debug] [2024-03-24T03:58:07.004Z] <<< [apiv2][body] POST https://www.googleapis.com/oauth2/v3/token [omitted]
[debug] [2024-03-24T03:58:07.004Z] >>> [apiv2][query] GET https://firebase.googleapis.com/v1beta1/projects/pc-builder-1843a [none]
[debug] [2024-03-24T03:58:07.490Z] <<< [apiv2][status] GET https://firebase.googleapis.com/v1beta1/projects/pc-builder-1843a 401
[debug] [2024-03-24T03:58:07.490Z] <<< [apiv2][body] GET https://firebase.googleapis.com/v1beta1/projects/pc-builder-1843a {"error":{"code":401,"message":"Request had invalid authentication credentials. Expected OAuth 2 access token, login cookie or other valid authentication credential. See https://developers.google.com/identity/sign-in/web/devconsole-project.","status":"UNAUTHENTICATED"}}
[debug] [2024-03-24T03:58:07.490Z] HTTP Error: 401, Request had invalid authentication credentials. Expected OAuth 2 access token, login cookie or other valid authentication credential. See https://developers.google.com/identity/sign-in/web/devconsole-project.
[debug] [2024-03-24T03:58:07.687Z] FirebaseError: HTTP Error: 401, Request had invalid authentication credentials. Expected OAuth 2 access token, login cookie or other valid authentication credential. See https://developers.google.com/identity/sign-in/web/devconsole-project.
    at responseToError (C:\Users\Acer\AppData\Roaming\npm\node_modules\firebase-tools\lib\responseToError.js:49:12)
    at RetryOperation._fn (C:\Users\Acer\AppData\Roaming\npm\node_modules\firebase-tools\lib\apiv2.js:297:77)
    at process.processTicksAndRejections (node:internal/process/task_queues:95:5)
[error] 
[error] Error: Failed to get Firebase project pc-builder-1843a. Please make sure the project exists and your account has permission to access it.
